<?xml version="1.0" encoding="UTF-8"?>
<testsuite xmlns:xsi="http://www.w3.org/2001/XMLSchema-instance" xsi:noNamespaceSchemaLocation="https://maven.apache.org/surefire/maven-surefire-plugin/xsd/surefire-test-report.xsd" version="3.0.2" name="TestSuite" time="16.428" tests="3" errors="0" skipped="0" failures="0">
  <properties>
[...]
</properties>
  <testcase name="runScenario[&quot;login attempt&quot;, &quot;Rahul Shetty Academy Login&quot;](1)" classname="runners.TestRunner" time="8.281">
    <system-out><![CDATA[10:03:15.330 [main] DEBUG org.testng.TestNG -- suiteXmlPath: "C:\Users\durga\eclipse-workspace\CucumberTest\testng.xml"

@smoke
Scenario Outline: login attempt                                                &amp#27;[90m# src/test/java/Features/login.feature:13&amp#27;[0m

@smoke
Scenario Outline: login attempt                                                &amp#27;[90m# src/test/java/Features/login.feature:12&amp#27;[0m

@smoke
Scenario Outline: login attempt                                                &amp#27;[90m# src/test/java/Features/login.feature:14&amp#27;[0m
10:03:16.845 [TestNG-PoolService-3] DEBUG io.github.bonigarcia.wdm.WebDriverManager -- Using WebDriverManager 5.9.2
10:03:16.869 [TestNG-PoolService-2] DEBUG io.github.bonigarcia.wdm.WebDriverManager -- Using WebDriverManager 5.9.2
10:03:16.872 [TestNG-PoolService-1] DEBUG io.github.bonigarcia.wdm.WebDriverManager -- Using WebDriverManager 5.9.2
10:03:17.633 [TestNG-PoolService-2] DEBUG io.github.bonigarcia.wdm.cache.ResolutionCache -- Resolution chrome=139 in cache (valid until 10:24:47 05/09/2025 IST)
10:03:17.633 [TestNG-PoolService-1] DEBUG io.github.bonigarcia.wdm.cache.ResolutionCache -- Resolution chrome=139 in cache (valid until 10:24:47 05/09/2025 IST)
10:03:17.633 [TestNG-PoolService-3] DEBUG io.github.bonigarcia.wdm.cache.ResolutionCache -- Resolution chrome=139 in cache (valid until 10:24:47 05/09/2025 IST)
10:03:17.635 [TestNG-PoolService-2] DEBUG io.github.bonigarcia.wdm.cache.ResolutionCache -- Resolution chrome139=139.0.7258.154 in cache (valid until 09:24:47 06/09/2025 IST)
10:03:17.635 [TestNG-PoolService-3] DEBUG io.github.bonigarcia.wdm.cache.ResolutionCache -- Resolution chrome139=139.0.7258.154 in cache (valid until 09:24:47 06/09/2025 IST)
10:03:17.635 [TestNG-PoolService-1] DEBUG io.github.bonigarcia.wdm.cache.ResolutionCache -- Resolution chrome139=139.0.7258.154 in cache (valid until 09:24:47 06/09/2025 IST)
10:03:17.635 [TestNG-PoolService-2] INFO io.github.bonigarcia.wdm.WebDriverManager -- Using chromedriver 139.0.7258.154 (resolved driver for Chrome 139)
10:03:17.635 [TestNG-PoolService-3] INFO io.github.bonigarcia.wdm.WebDriverManager -- Using chromedriver 139.0.7258.154 (resolved driver for Chrome 139)
10:03:17.635 [TestNG-PoolService-1] INFO io.github.bonigarcia.wdm.WebDriverManager -- Using chromedriver 139.0.7258.154 (resolved driver for Chrome 139)
10:03:17.665 [TestNG-PoolService-3] DEBUG io.github.bonigarcia.wdm.WebDriverManager -- Driver chromedriver 139.0.7258.154 found in cache
10:03:17.665 [TestNG-PoolService-2] DEBUG io.github.bonigarcia.wdm.WebDriverManager -- Driver chromedriver 139.0.7258.154 found in cache
10:03:17.665 [TestNG-PoolService-1] DEBUG io.github.bonigarcia.wdm.WebDriverManager -- Driver chromedriver 139.0.7258.154 found in cache
10:03:17.665 [TestNG-PoolService-3] INFO io.github.bonigarcia.wdm.WebDriverManager -- Exporting webdriver.chrome.driver as C:\WINDOWS\system32\config\systemprofile\.cache\selenium\chromedriver\win64\139.0.7258.154\chromedriver.exe
10:03:17.669 [TestNG-PoolService-2] INFO io.github.bonigarcia.wdm.WebDriverManager -- Exporting webdriver.chrome.driver as C:\WINDOWS\system32\config\systemprofile\.cache\selenium\chromedriver\win64\139.0.7258.154\chromedriver.exe
10:03:17.670 [TestNG-PoolService-1] INFO io.github.bonigarcia.wdm.WebDriverManager -- Exporting webdriver.chrome.driver as C:\WINDOWS\system32\config\systemprofile\.cache\selenium\chromedriver\win64\139.0.7258.154\chromedriver.exe
2025-09-05 10:03:23 INFO  Log:11 - Navigated to the login page
2025-09-05 10:03:23 INFO  Log:11 - Navigated to the login page
  &amp#27;[32mGiven &amp#27;[0m&amp#27;[32mI am on the Rahul Shetty Academy login page&amp#27;[0m                            &amp#27;[90m# setoDefinition.LoginSteps.i_am_on_the_rahul_shetty_academy_login_page()&amp#27;[0m
  &amp#27;[32mGiven &amp#27;[0m&amp#27;[32mI am on the Rahul Shetty Academy login page&amp#27;[0m                            &amp#27;[90m# setoDefinition.LoginSteps.i_am_on_the_rahul_shetty_academy_login_page()&amp#27;[0m
2025-09-05 10:03:23 INFO  Log:11 - Entering username
2025-09-05 10:03:23 INFO  Log:11 - Entering username
2025-09-05 10:03:23 INFO  Log:11 - Entering password
2025-09-05 10:03:23 INFO  Log:11 - Entering password
  &amp#27;[32mWhen &amp#27;[0m&amp#27;[32mI enter username &amp#27;[0m&amp#27;[32m&amp#27;[1m"satyadurgayanangi@gmail.com"&amp#27;[0m&amp#27;[32m and password &amp#27;[0m&amp#27;[32m&amp#27;[1m"Durga@123"&amp#27;[0m &amp#27;[90m# setoDefinition.LoginSteps.i_enter_username_and_password(java.lang.String,java.lang.String)&amp#27;[0m
  &amp#27;[32mWhen &amp#27;[0m&amp#27;[32mI enter username &amp#27;[0m&amp#27;[32m&amp#27;[1m"satyadurgayanangi@gmail.com"&amp#27;[0m&amp#27;[32m and password &amp#27;[0m&amp#27;[32m&amp#27;[1m"Durga@123"&amp#27;[0m &amp#27;[90m# setoDefinition.LoginSteps.i_enter_username_and_password(java.lang.String,java.lang.String)&amp#27;[0m
2025-09-05 10:03:24 INFO  Log:11 - Clicking the login button
2025-09-05 10:03:24 INFO  Log:11 - Clicking the login button
  &amp#27;[32mAnd &amp#27;[0m&amp#27;[32mI click the login button&amp#27;[0m                                                 &amp#27;[90m# setoDefinition.LoginSteps.i_click_the_login_button()&amp#27;[0m
  &amp#27;[32mAnd &amp#27;[0m&amp#27;[32mI click the login button&amp#27;[0m                                                 &amp#27;[90m# setoDefinition.LoginSteps.i_click_the_login_button()&amp#27;[0m
2025-09-05 10:03:24 INFO  Log:11 - Verifying redirection to homepage
2025-09-05 10:03:24 INFO  Log:11 - Verifying redirection to homepage
  &amp#27;[32mThen &amp#27;[0m&amp#27;[32mI should be redirected to the homepage&amp#27;[0m                                  &amp#27;[90m# setoDefinition.LoginSteps.i_should_be_redirected_to_the_homepage()&amp#27;[0m
  &amp#27;[32mThen &amp#27;[0m&amp#27;[32mI should be redirected to the homepage&amp#27;[0m                                  &amp#27;[90m# setoDefinition.LoginSteps.i_should_be_redirected_to_the_homepage()&amp#27;[0m
]]></system-out>
  </testcase>
  <testcase name="runScenario[&quot;login attempt&quot;, &quot;Rahul Shetty Academy Login&quot;](2)" classname="runners.TestRunner" time="8.288"/>
  <testcase name="runScenario[&quot;login attempt&quot;, &quot;Rahul Shetty Academy Login&quot;](3)" classname="runners.TestRunner" time="13.897">
    <system-out><![CDATA[2025-09-05 10:03:29 INFO  Log:11 - Navigated to the login page
  &amp#27;[32mGiven &amp#27;[0m&amp#27;[32mI am on the Rahul Shetty Academy login page&amp#27;[0m                            &amp#27;[90m# setoDefinition.LoginSteps.i_am_on_the_rahul_shetty_academy_login_page()&amp#27;[0m
2025-09-05 10:03:29 INFO  Log:11 - Entering username
2025-09-05 10:03:29 INFO  Log:11 - Entering password
  &amp#27;[32mWhen &amp#27;[0m&amp#27;[32mI enter username &amp#27;[0m&amp#27;[32m&amp#27;[1m"satyadurgayanangi@gmail.com"&amp#27;[0m&amp#27;[32m and password &amp#27;[0m&amp#27;[32m&amp#27;[1m"Durga@123"&amp#27;[0m &amp#27;[90m# setoDefinition.LoginSteps.i_enter_username_and_password(java.lang.String,java.lang.String)&amp#27;[0m
2025-09-05 10:03:29 INFO  Log:11 - Clicking the login button
  &amp#27;[32mAnd &amp#27;[0m&amp#27;[32mI click the login button&amp#27;[0m                                                 &amp#27;[90m# setoDefinition.LoginSteps.i_click_the_login_button()&amp#27;[0m
2025-09-05 10:03:30 INFO  Log:11 - Verifying redirection to homepage
  &amp#27;[32mThen &amp#27;[0m&amp#27;[32mI should be redirected to the homepage&amp#27;[0m                                  &amp#27;[90m# setoDefinition.LoginSteps.i_should_be_redirected_to_the_homepage()&amp#27;[0m
]]></system-out>
  </testcase>
</testsuite>