<?xml version="1.0" encoding="UTF-8"?>
<testng-results ignored="0" total="0" passed="0" failed="0" skipped="0">
  <reporter-output>
  </reporter-output>
  <suite started-at="2025-09-02T10:31:25 IST" name="Suite" finished-at="2025-09-02T10:31:25 IST" duration-ms="725">
    <groups>
      <group name="cucumber">
        <method signature="AbstractTestNGCucumberTests.runScenario(io.cucumber.testng.PickleWrapper,io.cucumber.testng.FeatureWrapper)[pri:0, instance:runners.TestRunner@4d518b32]" name="runScenario" class="io.cucumber.testng.AbstractTestNGCucumberTests"/>
      </group> <!-- cucumber -->
    </groups>
    <test started-at="2025-09-02T10:31:25 IST" name="Test" finished-at="2025-09-02T10:31:25 IST" duration-ms="725">
      <class name="runners.TestRunner">
        <test-method is-config="true" signature="setUpClass(org.testng.ITestContext)[pri:0, instance:runners.TestRunner@4d518b32]" started-at="2025-09-02T10:31:25 IST" name="setUpClass" finished-at="2025-09-02T10:31:25 IST" duration-ms="644" status="FAIL">
          <params>
            <param index="0">
              <value>
                <![CDATA[org.testng.TestRunner@10e28ed]]>
              </value>
            </param>
          </params>
          <exception class="io.cucumber.java.InvalidMethodSignatureException">
            <message>
              <![CDATA[A method annotated with Before, After, BeforeStep or AfterStep must have one of these signatures:
 * public void before_or_after(io.cucumber.java.Scenario scenario)
 * public void before_or_after()
at utils.Hooks.setUp(io.cucumber.java.Scenario,java.lang.String)

]]>
            </message>
            <full-stacktrace>
              <![CDATA[io.cucumber.java.InvalidMethodSignatureException: A method annotated with Before, After, BeforeStep or AfterStep must have one of these signatures:
 * public void before_or_after(io.cucumber.java.Scenario scenario)
 * public void before_or_after()
at utils.Hooks.setUp(io.cucumber.java.Scenario,java.lang.String)


at io.cucumber.java.InvalidMethodSignatureException$InvalidMethodSignatureExceptionBuilder.build(InvalidMethodSignatureException.java:52)
at io.cucumber.java.JavaHookDefinition.createInvalidSignatureException(JavaHookDefinition.java:52)
at io.cucumber.java.JavaHookDefinition.requireValidMethod(JavaHookDefinition.java:27)
at io.cucumber.java.JavaHookDefinition.<init>(JavaHookDefinition.java:19)
at io.cucumber.java.GlueAdaptor.addDefinition(GlueAdaptor.java:27)
at io.cucumber.java.JavaBackend.lambda$loadGlue$1(JavaBackend.java:43)
at io.cucumber.java.MethodScanner.scan(MethodScanner.java:78)
at io.cucumber.java.MethodScanner.scan(MethodScanner.java:69)
at io.cucumber.java.MethodScanner.scan(MethodScanner.java:33)
at io.cucumber.java.JavaBackend.lambda$loadGlue$2(JavaBackend.java:41)
at java.base/java.util.stream.ForEachOps$ForEachOp$OfRef.accept(ForEachOps.java:184)
at java.base/java.util.stream.DistinctOps$1$2.accept(DistinctOps.java:174)
at java.base/java.util.ArrayList$ArrayListSpliterator.forEachRemaining(ArrayList.java:1708)
at java.base/java.util.stream.ReferencePipeline$Head.forEach(ReferencePipeline.java:762)
at java.base/java.util.stream.ReferencePipeline$7$1.accept(ReferencePipeline.java:276)
at java.base/java.util.stream.ReferencePipeline$3$1.accept(ReferencePipeline.java:197)
at java.base/java.util.stream.ReferencePipeline$3$1.accept(ReferencePipeline.java:197)
at java.base/java.util.stream.ReferencePipeline$2$1.accept(ReferencePipeline.java:179)
at java.base/java.util.ArrayList$ArrayListSpliterator.forEachRemaining(ArrayList.java:1708)
at java.base/java.util.stream.AbstractPipeline.copyInto(AbstractPipeline.java:509)
at java.base/java.util.stream.AbstractPipeline.wrapAndCopyInto(AbstractPipeline.java:499)
at java.base/java.util.stream.ForEachOps$ForEachOp.evaluateSequential(ForEachOps.java:151)
at java.base/java.util.stream.ForEachOps$ForEachOp$OfRef.evaluateSequential(ForEachOps.java:174)
at java.base/java.util.stream.AbstractPipeline.evaluate(AbstractPipeline.java:234)
at java.base/java.util.stream.ReferencePipeline.forEach(ReferencePipeline.java:596)
at io.cucumber.java.JavaBackend.loadGlue(JavaBackend.java:41)
at io.cucumber.core.runner.Runner.<init>(Runner.java:56)
at io.cucumber.core.runtime.ThreadLocalRunnerSupplier.createRunner(ThreadLocalRunnerSupplier.java:47)
at java.base/java.lang.ThreadLocal$SuppliedThreadLocal.initialValue(ThreadLocal.java:357)
at java.base/java.lang.ThreadLocal.setInitialValue(ThreadLocal.java:225)
at java.base/java.lang.ThreadLocal.get(ThreadLocal.java:194)
at java.base/java.lang.ThreadLocal.get(ThreadLocal.java:172)
at io.cucumber.core.runtime.ThreadLocalRunnerSupplier.get(ThreadLocalRunnerSupplier.java:40)
at io.cucumber.core.runtime.RethrowingThrowableCollector.executeAndThrow(RethrowingThrowableCollector.java:35)
at io.cucumber.core.runtime.CucumberExecutionContext.getRunner(CucumberExecutionContext.java:140)
at io.cucumber.core.runtime.CucumberExecutionContext.runBeforeAllHooks(CucumberExecutionContext.java:92)
at io.cucumber.testng.TestNGCucumberRunner.<init>(TestNGCucumberRunner.java:124)
at io.cucumber.testng.AbstractTestNGCucumberTests.setUpClass(AbstractTestNGCucumberTests.java:27)
at java.base/jdk.internal.reflect.DirectMethodHandleAccessor.invoke(DirectMethodHandleAccessor.java:103)
at java.base/java.lang.reflect.Method.invoke(Method.java:580)
at org.testng.internal.invokers.MethodInvocationHelper.invokeMethod(MethodInvocationHelper.java:141)
at org.testng.internal.invokers.MethodInvocationHelper.invokeMethodConsideringTimeout(MethodInvocationHelper.java:71)
at org.testng.internal.invokers.ConfigInvoker.invokeConfigurationMethod(ConfigInvoker.java:400)
at org.testng.internal.invokers.ConfigInvoker.invokeConfigurations(ConfigInvoker.java:333)
at org.testng.internal.invokers.TestMethodWorker.invokeBeforeClassMethods(TestMethodWorker.java:188)
at org.testng.internal.invokers.TestMethodWorker.run(TestMethodWorker.java:128)
at java.base/java.util.concurrent.Executors$RunnableAdapter.call(Executors.java:572)
at java.base/java.util.concurrent.FutureTask.run(FutureTask.java:317)
at org.testng.internal.thread.graph.TestNGFutureTask.run(TestNGFutureTask.java:22)
at java.base/java.util.concurrent.ThreadPoolExecutor.runWorker(ThreadPoolExecutor.java:1144)
at java.base/java.util.concurrent.ThreadPoolExecutor$Worker.run(ThreadPoolExecutor.java:642)
at java.base/java.lang.Thread.run(Thread.java:1583)
]]>
            </full-stacktrace>
          </exception> <!-- io.cucumber.java.InvalidMethodSignatureException -->
          <reporter-output>
          </reporter-output>
        </test-method> <!-- setUpClass -->
        <test-method is-config="true" signature="tearDownClass()[pri:0, instance:runners.TestRunner@4d518b32]" started-at="2025-09-02T10:31:25 IST" name="tearDownClass" finished-at="2025-09-02T10:31:25 IST" duration-ms="3" status="PASS">
          <reporter-output>
          </reporter-output>
        </test-method> <!-- tearDownClass -->
      </class> <!-- runners.TestRunner -->
    </test> <!-- Test -->
  </suite> <!-- Suite -->
</testng-results>
